2024-07-28 18:02:06.888 [main] INFO  org.hibernate.jpa.internal.util.LogHelper - HHH000204: Processing PersistenceUnitInfo [name: task-management]
2024-07-28 18:02:06.955 [main] INFO  org.hibernate.Version - HHH000412: Hibernate ORM core version 5.5.7.Final
2024-07-28 18:02:07.195 [main] INFO  org.hibernate.annotations.common.Version - HCANN000001: Hibernate Commons Annotations {5.1.2.Final}
2024-07-28 18:02:07.646 [main] WARN  org.hibernate.orm.connections.pooling - HHH10001002: Using Hibernate built-in connection pool (not for production use!)
2024-07-28 18:02:07.695 [main] INFO  org.hibernate.orm.connections.pooling - HHH10001005: using driver [oracle.jdbc.driver.OracleDriver] at URL [jdbc:oracle:thin:@//localhost:1521/XE]
2024-07-28 18:02:07.696 [main] INFO  org.hibernate.orm.connections.pooling - HHH10001001: Connection properties: {user=system, password=****}
2024-07-28 18:02:07.696 [main] INFO  org.hibernate.orm.connections.pooling - HHH10001003: Autocommit mode: false
2024-07-28 18:02:07.698 [main] INFO  org.hibernate.engine.jdbc.connections.internal.DriverManagerConnectionProviderImpl - HHH000115: Hibernate connection pool size: 20 (min=1)
2024-07-28 18:02:08.425 [main] INFO  org.hibernate.dialect.Dialect - HHH000400: Using dialect: org.hibernate.dialect.Oracle12cDialect
2024-07-28 18:02:09.218 [main] INFO  org.hibernate.engine.transaction.jta.platform.internal.JtaPlatformInitiator - HHH000490: Using JtaPlatform implementation: [org.hibernate.engine.transaction.jta.platform.internal.NoJtaPlatform]
2024-07-28 18:02:09.372 [main] INFO  org.hibernate.jpa.internal.util.LogHelper - HHH000204: Processing PersistenceUnitInfo [name: task-management]
2024-07-28 18:02:09.389 [main] WARN  org.hibernate.orm.connections.pooling - HHH10001002: Using Hibernate built-in connection pool (not for production use!)
2024-07-28 18:02:09.389 [main] INFO  org.hibernate.orm.connections.pooling - HHH10001005: using driver [oracle.jdbc.driver.OracleDriver] at URL [jdbc:oracle:thin:@//localhost:1521/XE]
2024-07-28 18:02:09.389 [main] INFO  org.hibernate.orm.connections.pooling - HHH10001001: Connection properties: {user=system, password=****}
2024-07-28 18:02:09.390 [main] INFO  org.hibernate.orm.connections.pooling - HHH10001003: Autocommit mode: false
2024-07-28 18:02:09.390 [main] INFO  org.hibernate.engine.jdbc.connections.internal.DriverManagerConnectionProviderImpl - HHH000115: Hibernate connection pool size: 20 (min=1)
2024-07-28 18:02:09.454 [main] INFO  org.hibernate.dialect.Dialect - HHH000400: Using dialect: org.hibernate.dialect.Oracle12cDialect
2024-07-28 18:02:09.505 [main] INFO  org.hibernate.engine.transaction.jta.platform.internal.JtaPlatformInitiator - HHH000490: Using JtaPlatform implementation: [org.hibernate.engine.transaction.jta.platform.internal.NoJtaPlatform]
2024-07-28 18:02:09.709 [main] INFO  org.hibernate.jpa.internal.util.LogHelper - HHH000204: Processing PersistenceUnitInfo [name: task-management]
2024-07-28 18:02:09.727 [main] WARN  org.hibernate.orm.connections.pooling - HHH10001002: Using Hibernate built-in connection pool (not for production use!)
2024-07-28 18:02:09.727 [main] INFO  org.hibernate.orm.connections.pooling - HHH10001005: using driver [oracle.jdbc.driver.OracleDriver] at URL [jdbc:oracle:thin:@//localhost:1521/XE]
2024-07-28 18:02:09.727 [main] INFO  org.hibernate.orm.connections.pooling - HHH10001001: Connection properties: {user=system, password=****}
2024-07-28 18:02:09.727 [main] INFO  org.hibernate.orm.connections.pooling - HHH10001003: Autocommit mode: false
2024-07-28 18:02:09.727 [main] INFO  org.hibernate.engine.jdbc.connections.internal.DriverManagerConnectionProviderImpl - HHH000115: Hibernate connection pool size: 20 (min=1)
2024-07-28 18:02:09.800 [main] INFO  org.hibernate.dialect.Dialect - HHH000400: Using dialect: org.hibernate.dialect.Oracle12cDialect
2024-07-28 18:02:09.850 [main] INFO  org.hibernate.engine.transaction.jta.platform.internal.JtaPlatformInitiator - HHH000490: Using JtaPlatform implementation: [org.hibernate.engine.transaction.jta.platform.internal.NoJtaPlatform]
2024-07-28 18:02:09.857 [main] INFO  org.hibernate.jpa.internal.util.LogHelper - HHH000204: Processing PersistenceUnitInfo [name: task-management]
2024-07-28 18:02:09.872 [main] WARN  org.hibernate.orm.connections.pooling - HHH10001002: Using Hibernate built-in connection pool (not for production use!)
2024-07-28 18:02:09.872 [main] INFO  org.hibernate.orm.connections.pooling - HHH10001005: using driver [oracle.jdbc.driver.OracleDriver] at URL [jdbc:oracle:thin:@//localhost:1521/XE]
2024-07-28 18:02:09.872 [main] INFO  org.hibernate.orm.connections.pooling - HHH10001001: Connection properties: {user=system, password=****}
2024-07-28 18:02:09.872 [main] INFO  org.hibernate.orm.connections.pooling - HHH10001003: Autocommit mode: false
2024-07-28 18:02:09.872 [main] INFO  org.hibernate.engine.jdbc.connections.internal.DriverManagerConnectionProviderImpl - HHH000115: Hibernate connection pool size: 20 (min=1)
2024-07-28 18:02:09.947 [main] INFO  org.hibernate.dialect.Dialect - HHH000400: Using dialect: org.hibernate.dialect.Oracle12cDialect
2024-07-28 18:02:10.013 [main] INFO  org.hibernate.engine.transaction.jta.platform.internal.JtaPlatformInitiator - HHH000490: Using JtaPlatform implementation: [org.hibernate.engine.transaction.jta.platform.internal.NoJtaPlatform]
2024-07-28 18:02:10.020 [main] INFO  org.eastnets.service.UserServiceImpl - Attempting to signin user  user1
2024-07-28 18:02:10.027 [main] INFO  org.eastnets.repository.UserRepositoryImpl - Attempting to log in to DB
2024-07-28 18:02:10.214 [main] INFO  org.eastnets.service.UserServiceImpl - user not null returning user
2024-07-28 18:02:10.239 [main] INFO  org.eastnets.service.TaskServiceImpl - TaskAdded
2024-07-28 18:03:44.009 [main] INFO  org.hibernate.jpa.internal.util.LogHelper - HHH000204: Processing PersistenceUnitInfo [name: task-management]
2024-07-28 18:03:44.052 [main] INFO  org.hibernate.Version - HHH000412: Hibernate ORM core version 5.5.7.Final
2024-07-28 18:03:44.207 [main] INFO  org.hibernate.annotations.common.Version - HCANN000001: Hibernate Commons Annotations {5.1.2.Final}
2024-07-28 18:03:44.678 [main] WARN  org.hibernate.orm.connections.pooling - HHH10001002: Using Hibernate built-in connection pool (not for production use!)
2024-07-28 18:03:44.756 [main] INFO  org.hibernate.orm.connections.pooling - HHH10001005: using driver [oracle.jdbc.driver.OracleDriver] at URL [jdbc:oracle:thin:@//localhost:1521/XE]
2024-07-28 18:03:44.758 [main] INFO  org.hibernate.orm.connections.pooling - HHH10001001: Connection properties: {user=system, password=****}
2024-07-28 18:03:44.758 [main] INFO  org.hibernate.orm.connections.pooling - HHH10001003: Autocommit mode: false
2024-07-28 18:03:44.763 [main] INFO  org.hibernate.engine.jdbc.connections.internal.DriverManagerConnectionProviderImpl - HHH000115: Hibernate connection pool size: 20 (min=1)
2024-07-28 18:03:45.557 [main] INFO  org.hibernate.dialect.Dialect - HHH000400: Using dialect: org.hibernate.dialect.Oracle12cDialect
2024-07-28 18:03:46.168 [main] INFO  org.hibernate.engine.transaction.jta.platform.internal.JtaPlatformInitiator - HHH000490: Using JtaPlatform implementation: [org.hibernate.engine.transaction.jta.platform.internal.NoJtaPlatform]
2024-07-28 18:03:46.299 [main] INFO  org.hibernate.jpa.internal.util.LogHelper - HHH000204: Processing PersistenceUnitInfo [name: task-management]
2024-07-28 18:03:46.313 [main] WARN  org.hibernate.orm.connections.pooling - HHH10001002: Using Hibernate built-in connection pool (not for production use!)
2024-07-28 18:03:46.313 [main] INFO  org.hibernate.orm.connections.pooling - HHH10001005: using driver [oracle.jdbc.driver.OracleDriver] at URL [jdbc:oracle:thin:@//localhost:1521/XE]
2024-07-28 18:03:46.313 [main] INFO  org.hibernate.orm.connections.pooling - HHH10001001: Connection properties: {user=system, password=****}
2024-07-28 18:03:46.313 [main] INFO  org.hibernate.orm.connections.pooling - HHH10001003: Autocommit mode: false
2024-07-28 18:03:46.313 [main] INFO  org.hibernate.engine.jdbc.connections.internal.DriverManagerConnectionProviderImpl - HHH000115: Hibernate connection pool size: 20 (min=1)
2024-07-28 18:03:46.365 [main] INFO  org.hibernate.dialect.Dialect - HHH000400: Using dialect: org.hibernate.dialect.Oracle12cDialect
2024-07-28 18:03:46.418 [main] INFO  org.hibernate.engine.transaction.jta.platform.internal.JtaPlatformInitiator - HHH000490: Using JtaPlatform implementation: [org.hibernate.engine.transaction.jta.platform.internal.NoJtaPlatform]
2024-07-28 18:03:46.603 [main] INFO  org.hibernate.jpa.internal.util.LogHelper - HHH000204: Processing PersistenceUnitInfo [name: task-management]
2024-07-28 18:03:46.618 [main] WARN  org.hibernate.orm.connections.pooling - HHH10001002: Using Hibernate built-in connection pool (not for production use!)
2024-07-28 18:03:46.618 [main] INFO  org.hibernate.orm.connections.pooling - HHH10001005: using driver [oracle.jdbc.driver.OracleDriver] at URL [jdbc:oracle:thin:@//localhost:1521/XE]
2024-07-28 18:03:46.618 [main] INFO  org.hibernate.orm.connections.pooling - HHH10001001: Connection properties: {user=system, password=****}
2024-07-28 18:03:46.618 [main] INFO  org.hibernate.orm.connections.pooling - HHH10001003: Autocommit mode: false
2024-07-28 18:03:46.618 [main] INFO  org.hibernate.engine.jdbc.connections.internal.DriverManagerConnectionProviderImpl - HHH000115: Hibernate connection pool size: 20 (min=1)
2024-07-28 18:03:46.675 [main] INFO  org.hibernate.dialect.Dialect - HHH000400: Using dialect: org.hibernate.dialect.Oracle12cDialect
2024-07-28 18:03:46.717 [main] INFO  org.hibernate.engine.transaction.jta.platform.internal.JtaPlatformInitiator - HHH000490: Using JtaPlatform implementation: [org.hibernate.engine.transaction.jta.platform.internal.NoJtaPlatform]
2024-07-28 18:03:46.723 [main] INFO  org.hibernate.jpa.internal.util.LogHelper - HHH000204: Processing PersistenceUnitInfo [name: task-management]
2024-07-28 18:03:46.735 [main] WARN  org.hibernate.orm.connections.pooling - HHH10001002: Using Hibernate built-in connection pool (not for production use!)
2024-07-28 18:03:46.735 [main] INFO  org.hibernate.orm.connections.pooling - HHH10001005: using driver [oracle.jdbc.driver.OracleDriver] at URL [jdbc:oracle:thin:@//localhost:1521/XE]
2024-07-28 18:03:46.735 [main] INFO  org.hibernate.orm.connections.pooling - HHH10001001: Connection properties: {user=system, password=****}
2024-07-28 18:03:46.735 [main] INFO  org.hibernate.orm.connections.pooling - HHH10001003: Autocommit mode: false
2024-07-28 18:03:46.735 [main] INFO  org.hibernate.engine.jdbc.connections.internal.DriverManagerConnectionProviderImpl - HHH000115: Hibernate connection pool size: 20 (min=1)
2024-07-28 18:03:46.792 [main] INFO  org.hibernate.dialect.Dialect - HHH000400: Using dialect: org.hibernate.dialect.Oracle12cDialect
2024-07-28 18:03:46.851 [main] INFO  org.hibernate.engine.transaction.jta.platform.internal.JtaPlatformInitiator - HHH000490: Using JtaPlatform implementation: [org.hibernate.engine.transaction.jta.platform.internal.NoJtaPlatform]
2024-07-28 18:03:46.856 [main] INFO  org.eastnets.service.UserServiceImpl - Attempting to signin user  user1
2024-07-28 18:03:46.863 [main] INFO  org.eastnets.repository.UserRepositoryImpl - Attempting to log in to DB
2024-07-28 18:03:47.005 [main] INFO  org.eastnets.service.UserServiceImpl - user not null returning user
2024-07-28 18:03:47.035 [main] INFO  org.eastnets.service.TaskServiceImpl - TaskAdded
2024-07-28 19:56:50.292 [main] INFO  org.hibernate.jpa.internal.util.LogHelper - HHH000204: Processing PersistenceUnitInfo [name: task-management]
2024-07-28 19:56:50.381 [main] INFO  org.hibernate.Version - HHH000412: Hibernate ORM core version 5.5.7.Final
2024-07-28 19:56:50.647 [main] INFO  org.hibernate.annotations.common.Version - HCANN000001: Hibernate Commons Annotations {5.1.2.Final}
2024-07-28 19:56:51.133 [main] WARN  org.hibernate.orm.connections.pooling - HHH10001002: Using Hibernate built-in connection pool (not for production use!)
2024-07-28 19:56:51.182 [main] INFO  org.hibernate.orm.connections.pooling - HHH10001005: using driver [oracle.jdbc.driver.OracleDriver] at URL [jdbc:oracle:thin:@//localhost:1521/XE]
2024-07-28 19:56:51.183 [main] INFO  org.hibernate.orm.connections.pooling - HHH10001001: Connection properties: {user=system, password=****}
2024-07-28 19:56:51.183 [main] INFO  org.hibernate.orm.connections.pooling - HHH10001003: Autocommit mode: false
2024-07-28 19:56:51.185 [main] INFO  org.hibernate.engine.jdbc.connections.internal.DriverManagerConnectionProviderImpl - HHH000115: Hibernate connection pool size: 20 (min=1)
